2023-06-27 14:00:07 | INFO | gradio_web_server | load_demo. ip: 172.31.16.65. params: {}
2023-06-27 14:00:07 | INFO | httpx | HTTP Request: POST http://localhost:7860/api/predict "HTTP/1.1 200 OK"
2023-06-27 14:00:07 | INFO | httpx | HTTP Request: POST http://localhost:7860/reset "HTTP/1.1 200 OK"
2023-06-27 14:00:41 | INFO | gradio_web_server | add_text. ip: 172.31.16.65. len: 23
2023-06-27 14:00:41 | INFO | httpx | HTTP Request: POST http://localhost:7860/api/predict "HTTP/1.1 200 OK"
2023-06-27 14:00:41 | INFO | httpx | HTTP Request: POST http://localhost:7860/reset "HTTP/1.1 200 OK"
2023-06-27 14:00:41 | INFO | gradio_web_server | http_bot. ip: 172.31.16.65
2023-06-27 14:00:41 | INFO | gradio_web_server | model_name: llava_v1_p1f1, worker_addr: http://localhost:40000
2023-06-27 14:00:41 | INFO | gradio_web_server | ==== request ====
{'model': 'llava_v1_p1f1', 'prompt': 'You are LLaVA, a large language and vision assistant trained by UW Madison WAIV Lab.You are able to understand the visual content that the user provides, and assist the user with a variety of tasks using natural language.Follow the instructions carefully and explain your answers in detail. USER: what is in this picture\n<image> ASSISTANT:', 'temperature': 0.2, 'max_new_tokens': 512, 'stop': '</s>', 'images': "List of 1 images: ['486e5e848240d443dff8fd9d2e5b6ce6']"}
2023-06-27 14:00:41 | INFO | httpx | HTTP Request: POST http://localhost:7860/api/predict "HTTP/1.1 200 OK"
2023-06-27 14:00:42 | INFO | httpx | HTTP Request: POST http://localhost:7860/api/predict "HTTP/1.1 200 OK"
2023-06-27 14:00:42 | INFO | httpx | HTTP Request: POST http://localhost:7860/api/predict "HTTP/1.1 200 OK"
2023-06-27 14:00:42 | INFO | httpx | HTTP Request: POST http://localhost:7860/api/predict "HTTP/1.1 200 OK"
2023-06-27 14:00:42 | INFO | httpx | HTTP Request: POST http://localhost:7860/api/predict "HTTP/1.1 200 OK"
2023-06-27 14:00:42 | INFO | httpx | HTTP Request: POST http://localhost:7860/api/predict "HTTP/1.1 200 OK"
2023-06-27 14:00:42 | INFO | httpx | HTTP Request: POST http://localhost:7860/api/predict "HTTP/1.1 200 OK"
2023-06-27 14:00:42 | INFO | httpx | HTTP Request: POST http://localhost:7860/api/predict "HTTP/1.1 200 OK"
2023-06-27 14:00:42 | INFO | httpx | HTTP Request: POST http://localhost:7860/api/predict "HTTP/1.1 200 OK"
2023-06-27 14:00:42 | INFO | httpx | HTTP Request: POST http://localhost:7860/api/predict "HTTP/1.1 200 OK"
2023-06-27 14:00:42 | INFO | httpx | HTTP Request: POST http://localhost:7860/api/predict "HTTP/1.1 200 OK"
2023-06-27 14:00:42 | INFO | httpx | HTTP Request: POST http://localhost:7860/api/predict "HTTP/1.1 200 OK"
2023-06-27 14:00:42 | INFO | httpx | HTTP Request: POST http://localhost:7860/api/predict "HTTP/1.1 200 OK"
2023-06-27 14:00:43 | INFO | httpx | HTTP Request: POST http://localhost:7860/api/predict "HTTP/1.1 200 OK"
2023-06-27 14:00:43 | INFO | httpx | HTTP Request: POST http://localhost:7860/api/predict "HTTP/1.1 200 OK"
2023-06-27 14:00:43 | INFO | httpx | HTTP Request: POST http://localhost:7860/api/predict "HTTP/1.1 200 OK"
2023-06-27 14:00:43 | INFO | httpx | HTTP Request: POST http://localhost:7860/api/predict "HTTP/1.1 200 OK"
2023-06-27 14:00:43 | INFO | httpx | HTTP Request: POST http://localhost:7860/api/predict "HTTP/1.1 200 OK"
2023-06-27 14:00:43 | INFO | httpx | HTTP Request: POST http://localhost:7860/api/predict "HTTP/1.1 200 OK"
2023-06-27 14:00:43 | INFO | gradio_web_server | The image shows a square filled with numbers, with rows and columns labeled by tens. The numbers in the squares are a mix of green and brown.
2023-06-27 14:00:43 | INFO | httpx | HTTP Request: POST http://localhost:7860/api/predict "HTTP/1.1 200 OK"
2023-06-27 14:00:43 | INFO | httpx | HTTP Request: POST http://localhost:7860/reset "HTTP/1.1 200 OK"
2023-06-27 14:03:18 | INFO | gradio_web_server | add_text. ip: 172.31.16.65. len: 25
2023-06-27 14:03:18 | INFO | httpx | HTTP Request: POST http://localhost:7860/api/predict "HTTP/1.1 200 OK"
2023-06-27 14:03:18 | INFO | httpx | HTTP Request: POST http://localhost:7860/reset "HTTP/1.1 200 OK"
2023-06-27 14:03:18 | INFO | gradio_web_server | http_bot. ip: 172.31.16.65
2023-06-27 14:03:19 | INFO | gradio_web_server | model_name: llava_v1_p1f1, worker_addr: http://localhost:40000
2023-06-27 14:03:19 | INFO | gradio_web_server | ==== request ====
{'model': 'llava_v1_p1f1', 'prompt': 'You are LLaVA, a large language and vision assistant trained by UW Madison WAIV Lab.You are able to understand the visual content that the user provides, and assist the user with a variety of tasks using natural language.Follow the instructions carefully and explain your answers in detail. USER: what is the picture about\n<image> ASSISTANT:', 'temperature': 0.2, 'max_new_tokens': 512, 'stop': '</s>', 'images': "List of 1 images: ['b67e98b0c3d70584d7611d645f3c2d06']"}
2023-06-27 14:03:19 | INFO | httpx | HTTP Request: POST http://localhost:7860/api/predict "HTTP/1.1 200 OK"
2023-06-27 14:03:19 | INFO | httpx | HTTP Request: POST http://localhost:7860/api/predict "HTTP/1.1 200 OK"
2023-06-27 14:03:19 | INFO | httpx | HTTP Request: POST http://localhost:7860/api/predict "HTTP/1.1 200 OK"
2023-06-27 14:03:19 | INFO | httpx | HTTP Request: POST http://localhost:7860/api/predict "HTTP/1.1 200 OK"
2023-06-27 14:03:19 | INFO | httpx | HTTP Request: POST http://localhost:7860/api/predict "HTTP/1.1 200 OK"
2023-06-27 14:03:19 | INFO | httpx | HTTP Request: POST http://localhost:7860/api/predict "HTTP/1.1 200 OK"
2023-06-27 14:03:19 | INFO | httpx | HTTP Request: POST http://localhost:7860/api/predict "HTTP/1.1 200 OK"
2023-06-27 14:03:19 | INFO | httpx | HTTP Request: POST http://localhost:7860/api/predict "HTTP/1.1 200 OK"
2023-06-27 14:03:19 | INFO | gradio_web_server | The picture is about "Welcome Back."
2023-06-27 14:03:19 | INFO | httpx | HTTP Request: POST http://localhost:7860/api/predict "HTTP/1.1 200 OK"
2023-06-27 14:03:19 | INFO | httpx | HTTP Request: POST http://localhost:7860/reset "HTTP/1.1 200 OK"
2023-06-27 14:03:50 | INFO | gradio_web_server | add_text. ip: 172.31.16.65. len: 22
2023-06-27 14:03:50 | INFO | httpx | HTTP Request: POST http://localhost:7860/api/predict "HTTP/1.1 200 OK"
2023-06-27 14:03:50 | INFO | httpx | HTTP Request: POST http://localhost:7860/reset "HTTP/1.1 200 OK"
2023-06-27 14:03:51 | INFO | gradio_web_server | http_bot. ip: 172.31.16.65
2023-06-27 14:03:51 | INFO | gradio_web_server | model_name: llava_v1_p1f1, worker_addr: http://localhost:40000
2023-06-27 14:03:51 | INFO | gradio_web_server | ==== request ====
{'model': 'llava_v1_p1f1', 'prompt': 'You are LLaVA, a large language and vision assistant trained by UW Madison WAIV Lab.You are able to understand the visual content that the user provides, and assist the user with a variety of tasks using natural language.Follow the instructions carefully and explain your answers in detail. USER: what is in the picture\n<image> ASSISTANT:', 'temperature': 0.2, 'max_new_tokens': 512, 'stop': '</s>', 'images': "List of 1 images: ['5b1ba7399686dca259bd762fc7598fe2']"}
2023-06-27 14:03:51 | INFO | httpx | HTTP Request: POST http://localhost:7860/api/predict "HTTP/1.1 200 OK"
2023-06-27 14:03:51 | INFO | httpx | HTTP Request: POST http://localhost:7860/api/predict "HTTP/1.1 200 OK"
2023-06-27 14:03:51 | INFO | httpx | HTTP Request: POST http://localhost:7860/api/predict "HTTP/1.1 200 OK"
2023-06-27 14:03:51 | INFO | httpx | HTTP Request: POST http://localhost:7860/api/predict "HTTP/1.1 200 OK"
2023-06-27 14:03:51 | INFO | httpx | HTTP Request: POST http://localhost:7860/api/predict "HTTP/1.1 200 OK"
2023-06-27 14:03:51 | INFO | httpx | HTTP Request: POST http://localhost:7860/api/predict "HTTP/1.1 200 OK"
2023-06-27 14:03:51 | INFO | httpx | HTTP Request: POST http://localhost:7860/api/predict "HTTP/1.1 200 OK"
2023-06-27 14:03:51 | INFO | httpx | HTTP Request: POST http://localhost:7860/api/predict "HTTP/1.1 200 OK"
2023-06-27 14:03:51 | INFO | httpx | HTTP Request: POST http://localhost:7860/api/predict "HTTP/1.1 200 OK"
2023-06-27 14:03:51 | INFO | httpx | HTTP Request: POST http://localhost:7860/api/predict "HTTP/1.1 200 OK"
2023-06-27 14:03:51 | INFO | httpx | HTTP Request: POST http://localhost:7860/api/predict "HTTP/1.1 200 OK"
2023-06-27 14:03:52 | INFO | httpx | HTTP Request: POST http://localhost:7860/api/predict "HTTP/1.1 200 OK"
2023-06-27 14:03:52 | INFO | gradio_web_server | The image contains text that reads "Online Career Guidance Sign up today!"
2023-06-27 14:03:52 | INFO | httpx | HTTP Request: POST http://localhost:7860/api/predict "HTTP/1.1 200 OK"
2023-06-27 14:03:52 | INFO | httpx | HTTP Request: POST http://localhost:7860/reset "HTTP/1.1 200 OK"
2023-06-27 14:03:59 | INFO | gradio_web_server | add_text. ip: 172.31.16.65. len: 20
2023-06-27 14:03:59 | INFO | httpx | HTTP Request: POST http://localhost:7860/api/predict "HTTP/1.1 200 OK"
2023-06-27 14:04:00 | INFO | httpx | HTTP Request: POST http://localhost:7860/reset "HTTP/1.1 200 OK"
2023-06-27 14:04:00 | INFO | gradio_web_server | http_bot. ip: 172.31.16.65
2023-06-27 14:04:00 | INFO | gradio_web_server | model_name: llava_v1_p1f1, worker_addr: http://localhost:40000
2023-06-27 14:04:00 | INFO | gradio_web_server | ==== request ====
{'model': 'llava_v1_p1f1', 'prompt': 'You are LLaVA, a large language and vision assistant trained by UW Madison WAIV Lab.You are able to understand the visual content that the user provides, and assist the user with a variety of tasks using natural language.Follow the instructions carefully and explain your answers in detail. USER: what is in the picture\n<image> ASSISTANT: The image contains text that reads "Online Career Guidance Sign up today!"</s>USER: is the session free? ASSISTANT:', 'temperature': 0.2, 'max_new_tokens': 512, 'stop': '</s>', 'images': "List of 1 images: ['5b1ba7399686dca259bd762fc7598fe2']"}
2023-06-27 14:04:00 | INFO | httpx | HTTP Request: POST http://localhost:7860/api/predict "HTTP/1.1 200 OK"
2023-06-27 14:04:00 | INFO | httpx | HTTP Request: POST http://localhost:7860/api/predict "HTTP/1.1 200 OK"
2023-06-27 14:04:00 | INFO | httpx | HTTP Request: POST http://localhost:7860/api/predict "HTTP/1.1 200 OK"
2023-06-27 14:04:00 | INFO | httpx | HTTP Request: POST http://localhost:7860/api/predict "HTTP/1.1 200 OK"
2023-06-27 14:04:00 | INFO | httpx | HTTP Request: POST http://localhost:7860/api/predict "HTTP/1.1 200 OK"
2023-06-27 14:04:00 | INFO | httpx | HTTP Request: POST http://localhost:7860/api/predict "HTTP/1.1 200 OK"
2023-06-27 14:04:00 | INFO | httpx | HTTP Request: POST http://localhost:7860/api/predict "HTTP/1.1 200 OK"
2023-06-27 14:04:00 | INFO | httpx | HTTP Request: POST http://localhost:7860/api/predict "HTTP/1.1 200 OK"
2023-06-27 14:04:00 | INFO | httpx | HTTP Request: POST http://localhost:7860/api/predict "HTTP/1.1 200 OK"
2023-06-27 14:04:00 | INFO | httpx | HTTP Request: POST http://localhost:7860/api/predict "HTTP/1.1 200 OK"
2023-06-27 14:04:00 | INFO | httpx | HTTP Request: POST http://localhost:7860/api/predict "HTTP/1.1 200 OK"
2023-06-27 14:04:01 | INFO | httpx | HTTP Request: POST http://localhost:7860/api/predict "HTTP/1.1 200 OK"
2023-06-27 14:04:01 | INFO | httpx | HTTP Request: POST http://localhost:7860/api/predict "HTTP/1.1 200 OK"
2023-06-27 14:04:01 | INFO | httpx | HTTP Request: POST http://localhost:7860/api/predict "HTTP/1.1 200 OK"
2023-06-27 14:04:01 | INFO | httpx | HTTP Request: POST http://localhost:7860/api/predict "HTTP/1.1 200 OK"
2023-06-27 14:04:01 | INFO | httpx | HTTP Request: POST http://localhost:7860/api/predict "HTTP/1.1 200 OK"
2023-06-27 14:04:01 | INFO | httpx | HTTP Request: POST http://localhost:7860/api/predict "HTTP/1.1 200 OK"
2023-06-27 14:04:01 | INFO | httpx | HTTP Request: POST http://localhost:7860/api/predict "HTTP/1.1 200 OK"
2023-06-27 14:04:01 | INFO | gradio_web_server | The image does not provide information about the sessions being free or not. It only encourages people to sign up for the online career guidance session.
2023-06-27 14:04:01 | INFO | httpx | HTTP Request: POST http://localhost:7860/api/predict "HTTP/1.1 200 OK"
2023-06-27 14:04:01 | INFO | httpx | HTTP Request: POST http://localhost:7860/reset "HTTP/1.1 200 OK"
2023-06-27 14:04:48 | INFO | gradio_web_server | add_text. ip: 172.31.57.152. len: 22
2023-06-27 14:04:48 | INFO | httpx | HTTP Request: POST http://localhost:7860/api/predict "HTTP/1.1 200 OK"
2023-06-27 14:04:48 | INFO | httpx | HTTP Request: POST http://localhost:7860/reset "HTTP/1.1 200 OK"
2023-06-27 14:04:48 | INFO | gradio_web_server | http_bot. ip: 172.31.57.152
2023-06-27 14:04:48 | INFO | gradio_web_server | model_name: llava_v1_p1f1, worker_addr: http://localhost:40000
2023-06-27 14:04:48 | INFO | gradio_web_server | ==== request ====
{'model': 'llava_v1_p1f1', 'prompt': 'You are LLaVA, a large language and vision assistant trained by UW Madison WAIV Lab.You are able to understand the visual content that the user provides, and assist the user with a variety of tasks using natural language.Follow the instructions carefully and explain your answers in detail. USER: what is in the picture\n<image> ASSISTANT:', 'temperature': 0.2, 'max_new_tokens': 512, 'stop': '</s>', 'images': "List of 1 images: ['7e44458d3d3d7fc6e30b8db8bf2b95e6']"}
2023-06-27 14:04:48 | INFO | httpx | HTTP Request: POST http://localhost:7860/api/predict "HTTP/1.1 200 OK"
2023-06-27 14:04:48 | INFO | httpx | HTTP Request: POST http://localhost:7860/api/predict "HTTP/1.1 200 OK"
2023-06-27 14:04:49 | INFO | httpx | HTTP Request: POST http://localhost:7860/api/predict "HTTP/1.1 200 OK"
2023-06-27 14:04:49 | INFO | httpx | HTTP Request: POST http://localhost:7860/api/predict "HTTP/1.1 200 OK"
2023-06-27 14:04:49 | INFO | httpx | HTTP Request: POST http://localhost:7860/api/predict "HTTP/1.1 200 OK"
2023-06-27 14:04:49 | INFO | httpx | HTTP Request: POST http://localhost:7860/api/predict "HTTP/1.1 200 OK"
2023-06-27 14:04:49 | INFO | httpx | HTTP Request: POST http://localhost:7860/api/predict "HTTP/1.1 200 OK"
2023-06-27 14:04:49 | INFO | httpx | HTTP Request: POST http://localhost:7860/api/predict "HTTP/1.1 200 OK"
2023-06-27 14:04:49 | INFO | httpx | HTTP Request: POST http://localhost:7860/api/predict "HTTP/1.1 200 OK"
2023-06-27 14:04:49 | INFO | httpx | HTTP Request: POST http://localhost:7860/api/predict "HTTP/1.1 200 OK"
2023-06-27 14:04:49 | INFO | httpx | HTTP Request: POST http://localhost:7860/api/predict "HTTP/1.1 200 OK"
2023-06-27 14:04:49 | INFO | httpx | HTTP Request: POST http://localhost:7860/api/predict "HTTP/1.1 200 OK"
2023-06-27 14:04:49 | INFO | httpx | HTTP Request: POST http://localhost:7860/api/predict "HTTP/1.1 200 OK"
2023-06-27 14:04:49 | INFO | httpx | HTTP Request: POST http://localhost:7860/api/predict "HTTP/1.1 200 OK"
2023-06-27 14:04:49 | INFO | httpx | HTTP Request: POST http://localhost:7860/api/predict "HTTP/1.1 200 OK"
2023-06-27 14:04:49 | INFO | httpx | HTTP Request: POST http://localhost:7860/api/predict "HTTP/1.1 200 OK"
2023-06-27 14:04:50 | INFO | httpx | HTTP Request: POST http://localhost:7860/api/predict "HTTP/1.1 200 OK"
2023-06-27 14:04:50 | INFO | httpx | HTTP Request: POST http://localhost:7860/api/predict "HTTP/1.1 200 OK"
2023-06-27 14:04:50 | INFO | httpx | HTTP Request: POST http://localhost:7860/api/predict "HTTP/1.1 200 OK"
2023-06-27 14:04:50 | INFO | httpx | HTTP Request: POST http://localhost:7860/api/predict "HTTP/1.1 200 OK"
2023-06-27 14:04:50 | INFO | gradio_web_server | The image is promoting a Paige's Bookstore sale where you can buy one get one half price on all non-fiction titles for kids.
2023-06-27 14:04:50 | INFO | httpx | HTTP Request: POST http://localhost:7860/api/predict "HTTP/1.1 200 OK"
2023-06-27 14:04:50 | INFO | httpx | HTTP Request: POST http://localhost:7860/reset "HTTP/1.1 200 OK"
2023-06-27 14:26:44 | INFO | gradio_web_server | load_demo. ip: 172.31.57.152. params: {}
2023-06-27 14:26:44 | INFO | httpx | HTTP Request: POST http://localhost:7860/api/predict "HTTP/1.1 200 OK"
2023-06-27 14:26:44 | INFO | httpx | HTTP Request: POST http://localhost:7860/reset "HTTP/1.1 200 OK"
2023-06-27 14:58:57 | INFO | gradio_web_server | load_demo. ip: 172.31.57.152. params: {}
2023-06-27 14:58:57 | INFO | httpx | HTTP Request: POST http://localhost:7860/api/predict "HTTP/1.1 200 OK"
2023-06-27 14:58:57 | INFO | httpx | HTTP Request: POST http://localhost:7860/reset "HTTP/1.1 200 OK"
2023-06-27 14:59:25 | INFO | gradio_web_server | add_text. ip: 172.31.57.152. len: 29
2023-06-27 14:59:25 | INFO | httpx | HTTP Request: POST http://localhost:7860/api/predict "HTTP/1.1 200 OK"
2023-06-27 14:59:25 | INFO | httpx | HTTP Request: POST http://localhost:7860/reset "HTTP/1.1 200 OK"
2023-06-27 14:59:26 | INFO | gradio_web_server | http_bot. ip: 172.31.57.152
2023-06-27 14:59:26 | INFO | gradio_web_server | model_name: llava_v1_p1f1, worker_addr: http://localhost:40000
2023-06-27 14:59:26 | INFO | gradio_web_server | ==== request ====
{'model': 'llava_v1_p1f1', 'prompt': 'You are LLaVA, a large language and vision assistant trained by UW Madison WAIV Lab.You are able to understand the visual content that the user provides, and assist the user with a variety of tasks using natural language.Follow the instructions carefully and explain your answers in detail. USER: Who is the woman in the meme?\n<image> ASSISTANT:', 'temperature': 0.2, 'max_new_tokens': 512, 'stop': '</s>', 'images': "List of 1 images: ['09eaa17b4eb3ac67770e18cf19c9a6b4']"}
2023-06-27 14:59:26 | INFO | httpx | HTTP Request: POST http://localhost:7860/api/predict "HTTP/1.1 200 OK"
2023-06-27 14:59:26 | INFO | httpx | HTTP Request: POST http://localhost:7860/api/predict "HTTP/1.1 200 OK"
2023-06-27 14:59:26 | INFO | httpx | HTTP Request: POST http://localhost:7860/api/predict "HTTP/1.1 200 OK"
2023-06-27 14:59:26 | INFO | httpx | HTTP Request: POST http://localhost:7860/api/predict "HTTP/1.1 200 OK"
2023-06-27 14:59:26 | INFO | httpx | HTTP Request: POST http://localhost:7860/api/predict "HTTP/1.1 200 OK"
2023-06-27 14:59:26 | INFO | httpx | HTTP Request: POST http://localhost:7860/api/predict "HTTP/1.1 200 OK"
2023-06-27 14:59:26 | INFO | httpx | HTTP Request: POST http://localhost:7860/api/predict "HTTP/1.1 200 OK"
2023-06-27 14:59:26 | INFO | httpx | HTTP Request: POST http://localhost:7860/api/predict "HTTP/1.1 200 OK"
2023-06-27 14:59:26 | INFO | httpx | HTTP Request: POST http://localhost:7860/api/predict "HTTP/1.1 200 OK"
2023-06-27 14:59:26 | INFO | httpx | HTTP Request: POST http://localhost:7860/api/predict "HTTP/1.1 200 OK"
2023-06-27 14:59:26 | INFO | gradio_web_server | The woman in the meme is Oprah Winfrey.
2023-06-27 14:59:27 | INFO | httpx | HTTP Request: POST http://localhost:7860/api/predict "HTTP/1.1 200 OK"
2023-06-27 14:59:27 | INFO | httpx | HTTP Request: POST http://localhost:7860/reset "HTTP/1.1 200 OK"
2023-06-27 15:00:28 | INFO | gradio_web_server | clear_history. ip: 172.31.16.65
2023-06-27 15:00:28 | INFO | httpx | HTTP Request: POST http://localhost:7860/api/predict "HTTP/1.1 200 OK"
2023-06-27 15:00:28 | INFO | httpx | HTTP Request: POST http://localhost:7860/reset "HTTP/1.1 200 OK"
2023-06-27 15:00:36 | INFO | gradio_web_server | add_text. ip: 172.31.16.65. len: 25
2023-06-27 15:00:36 | INFO | httpx | HTTP Request: POST http://localhost:7860/api/predict "HTTP/1.1 200 OK"
2023-06-27 15:00:36 | INFO | httpx | HTTP Request: POST http://localhost:7860/reset "HTTP/1.1 200 OK"
2023-06-27 15:00:36 | INFO | gradio_web_server | http_bot. ip: 172.31.16.65
2023-06-27 15:00:36 | INFO | gradio_web_server | model_name: llava_v1_p1f1, worker_addr: http://localhost:40000
2023-06-27 15:00:36 | INFO | gradio_web_server | ==== request ====
{'model': 'llava_v1_p1f1', 'prompt': 'You are LLaVA, a large language and vision assistant trained by UW Madison WAIV Lab.You are able to understand the visual content that the user provides, and assist the user with a variety of tasks using natural language.Follow the instructions carefully and explain your answers in detail. USER: What is this tweet about?\n<image> ASSISTANT:', 'temperature': 0.2, 'max_new_tokens': 512, 'stop': '</s>', 'images': "List of 1 images: ['09eaa17b4eb3ac67770e18cf19c9a6b4']"}
2023-06-27 15:00:36 | INFO | httpx | HTTP Request: POST http://localhost:7860/api/predict "HTTP/1.1 200 OK"
2023-06-27 15:00:37 | INFO | httpx | HTTP Request: POST http://localhost:7860/api/predict "HTTP/1.1 200 OK"
2023-06-27 15:00:37 | INFO | httpx | HTTP Request: POST http://localhost:7860/api/predict "HTTP/1.1 200 OK"
2023-06-27 15:00:37 | INFO | httpx | HTTP Request: POST http://localhost:7860/api/predict "HTTP/1.1 200 OK"
2023-06-27 15:00:37 | INFO | httpx | HTTP Request: POST http://localhost:7860/api/predict "HTTP/1.1 200 OK"
2023-06-27 15:00:37 | INFO | httpx | HTTP Request: POST http://localhost:7860/api/predict "HTTP/1.1 200 OK"
2023-06-27 15:00:37 | INFO | httpx | HTTP Request: POST http://localhost:7860/api/predict "HTTP/1.1 200 OK"
2023-06-27 15:00:37 | INFO | httpx | HTTP Request: POST http://localhost:7860/api/predict "HTTP/1.1 200 OK"
2023-06-27 15:00:37 | INFO | httpx | HTTP Request: POST http://localhost:7860/api/predict "HTTP/1.1 200 OK"
2023-06-27 15:00:37 | INFO | httpx | HTTP Request: POST http://localhost:7860/api/predict "HTTP/1.1 200 OK"
2023-06-27 15:00:37 | INFO | httpx | HTTP Request: POST http://localhost:7860/api/predict "HTTP/1.1 200 OK"
2023-06-27 15:00:37 | INFO | httpx | HTTP Request: POST http://localhost:7860/api/predict "HTTP/1.1 200 OK"
2023-06-27 15:00:37 | INFO | httpx | HTTP Request: POST http://localhost:7860/api/predict "HTTP/1.1 200 OK"
2023-06-27 15:00:37 | INFO | httpx | HTTP Request: POST http://localhost:7860/api/predict "HTTP/1.1 200 OK"
2023-06-27 15:00:37 | INFO | httpx | HTTP Request: POST http://localhost:7860/api/predict "HTTP/1.1 200 OK"
2023-06-27 15:00:38 | INFO | httpx | HTTP Request: POST http://localhost:7860/api/predict "HTTP/1.1 200 OK"
2023-06-27 15:00:38 | INFO | httpx | HTTP Request: POST http://localhost:7860/api/predict "HTTP/1.1 200 OK"
2023-06-27 15:00:38 | INFO | httpx | HTTP Request: POST http://localhost:7860/api/predict "HTTP/1.1 200 OK"
2023-06-27 15:00:38 | INFO | httpx | HTTP Request: POST http://localhost:7860/api/predict "HTTP/1.1 200 OK"
2023-06-27 15:00:38 | INFO | httpx | HTTP Request: POST http://localhost:7860/api/predict "HTTP/1.1 200 OK"
2023-06-27 15:00:38 | INFO | httpx | HTTP Request: POST http://localhost:7860/api/predict "HTTP/1.1 200 OK"
2023-06-27 15:00:38 | INFO | httpx | HTTP Request: POST http://localhost:7860/api/predict "HTTP/1.1 200 OK"
2023-06-27 15:00:38 | INFO | httpx | HTTP Request: POST http://localhost:7860/api/predict "HTTP/1.1 200 OK"
2023-06-27 15:00:38 | INFO | gradio_web_server | This tweet is about sharing tips on how to cite papers properly, giving credit where credit is due, providing support for evidence of your claim, and presenting an organized view of related work.
2023-06-27 15:00:38 | INFO | httpx | HTTP Request: POST http://localhost:7860/api/predict "HTTP/1.1 200 OK"
2023-06-27 15:00:38 | INFO | httpx | HTTP Request: POST http://localhost:7860/reset "HTTP/1.1 200 OK"
2023-06-27 15:00:43 | INFO | gradio_web_server | regenerate. ip: 172.31.16.65
2023-06-27 15:00:43 | INFO | httpx | HTTP Request: POST http://localhost:7860/api/predict "HTTP/1.1 200 OK"
2023-06-27 15:00:43 | INFO | httpx | HTTP Request: POST http://localhost:7860/reset "HTTP/1.1 200 OK"
2023-06-27 15:00:43 | INFO | gradio_web_server | http_bot. ip: 172.31.16.65
2023-06-27 15:00:43 | INFO | gradio_web_server | model_name: llava_v1_p1f1, worker_addr: http://localhost:40000
2023-06-27 15:00:43 | INFO | gradio_web_server | ==== request ====
{'model': 'llava_v1_p1f1', 'prompt': 'You are LLaVA, a large language and vision assistant trained by UW Madison WAIV Lab.You are able to understand the visual content that the user provides, and assist the user with a variety of tasks using natural language.Follow the instructions carefully and explain your answers in detail. USER: What is this tweet about?\n<image> ASSISTANT:', 'temperature': 0.2, 'max_new_tokens': 512, 'stop': '</s>', 'images': "List of 1 images: ['09eaa17b4eb3ac67770e18cf19c9a6b4']"}
2023-06-27 15:00:43 | INFO | httpx | HTTP Request: POST http://localhost:7860/api/predict "HTTP/1.1 200 OK"
2023-06-27 15:00:43 | INFO | httpx | HTTP Request: POST http://localhost:7860/api/predict "HTTP/1.1 200 OK"
2023-06-27 15:00:43 | INFO | httpx | HTTP Request: POST http://localhost:7860/api/predict "HTTP/1.1 200 OK"
2023-06-27 15:00:44 | INFO | httpx | HTTP Request: POST http://localhost:7860/api/predict "HTTP/1.1 200 OK"
2023-06-27 15:00:44 | INFO | httpx | HTTP Request: POST http://localhost:7860/api/predict "HTTP/1.1 200 OK"
2023-06-27 15:00:44 | INFO | httpx | HTTP Request: POST http://localhost:7860/api/predict "HTTP/1.1 200 OK"
2023-06-27 15:00:44 | INFO | httpx | HTTP Request: POST http://localhost:7860/api/predict "HTTP/1.1 200 OK"
2023-06-27 15:00:44 | INFO | httpx | HTTP Request: POST http://localhost:7860/api/predict "HTTP/1.1 200 OK"
2023-06-27 15:00:44 | INFO | httpx | HTTP Request: POST http://localhost:7860/api/predict "HTTP/1.1 200 OK"
2023-06-27 15:00:44 | INFO | httpx | HTTP Request: POST http://localhost:7860/api/predict "HTTP/1.1 200 OK"
2023-06-27 15:00:44 | INFO | httpx | HTTP Request: POST http://localhost:7860/api/predict "HTTP/1.1 200 OK"
2023-06-27 15:00:44 | INFO | httpx | HTTP Request: POST http://localhost:7860/api/predict "HTTP/1.1 200 OK"
2023-06-27 15:00:44 | INFO | httpx | HTTP Request: POST http://localhost:7860/api/predict "HTTP/1.1 200 OK"
2023-06-27 15:00:44 | INFO | httpx | HTTP Request: POST http://localhost:7860/api/predict "HTTP/1.1 200 OK"
2023-06-27 15:00:44 | INFO | httpx | HTTP Request: POST http://localhost:7860/api/predict "HTTP/1.1 200 OK"
2023-06-27 15:00:44 | INFO | httpx | HTTP Request: POST http://localhost:7860/api/predict "HTTP/1.1 200 OK"
2023-06-27 15:00:44 | INFO | httpx | HTTP Request: POST http://localhost:7860/api/predict "HTTP/1.1 200 OK"
2023-06-27 15:00:45 | INFO | httpx | HTTP Request: POST http://localhost:7860/api/predict "HTTP/1.1 200 OK"
2023-06-27 15:00:45 | INFO | httpx | HTTP Request: POST http://localhost:7860/api/predict "HTTP/1.1 200 OK"
2023-06-27 15:00:45 | INFO | httpx | HTTP Request: POST http://localhost:7860/api/predict "HTTP/1.1 200 OK"
2023-06-27 15:00:45 | INFO | httpx | HTTP Request: POST http://localhost:7860/api/predict "HTTP/1.1 200 OK"
2023-06-27 15:00:45 | INFO | httpx | HTTP Request: POST http://localhost:7860/api/predict "HTTP/1.1 200 OK"
2023-06-27 15:00:45 | INFO | httpx | HTTP Request: POST http://localhost:7860/api/predict "HTTP/1.1 200 OK"
2023-06-27 15:00:45 | INFO | httpx | HTTP Request: POST http://localhost:7860/api/predict "HTTP/1.1 200 OK"
2023-06-27 15:00:45 | INFO | httpx | HTTP Request: POST http://localhost:7860/api/predict "HTTP/1.1 200 OK"
2023-06-27 15:00:45 | INFO | httpx | HTTP Request: POST http://localhost:7860/api/predict "HTTP/1.1 200 OK"
2023-06-27 15:00:45 | INFO | httpx | HTTP Request: POST http://localhost:7860/api/predict "HTTP/1.1 200 OK"
2023-06-27 15:00:45 | INFO | httpx | HTTP Request: POST http://localhost:7860/api/predict "HTTP/1.1 200 OK"
2023-06-27 15:00:45 | INFO | httpx | HTTP Request: POST http://localhost:7860/api/predict "HTTP/1.1 200 OK"
2023-06-27 15:00:45 | INFO | httpx | HTTP Request: POST http://localhost:7860/api/predict "HTTP/1.1 200 OK"
2023-06-27 15:00:45 | INFO | httpx | HTTP Request: POST http://localhost:7860/api/predict "HTTP/1.1 200 OK"
2023-06-27 15:00:46 | INFO | httpx | HTTP Request: POST http://localhost:7860/api/predict "HTTP/1.1 200 OK"
2023-06-27 15:00:46 | INFO | gradio_web_server | The tweet is about sharing tips on how to cite papers properly, giving credit where credit is due, providing support for evidence of your claim, and presenting an organized view of related work. It also emphasizes the importance of proper citation to avoid plagiarism.
2023-06-27 15:00:46 | INFO | httpx | HTTP Request: POST http://localhost:7860/api/predict "HTTP/1.1 200 OK"
2023-06-27 15:00:46 | INFO | httpx | HTTP Request: POST http://localhost:7860/reset "HTTP/1.1 200 OK"
2023-06-27 15:00:49 | INFO | gradio_web_server | regenerate. ip: 172.31.16.65
2023-06-27 15:00:49 | INFO | httpx | HTTP Request: POST http://localhost:7860/api/predict "HTTP/1.1 200 OK"
2023-06-27 15:00:49 | INFO | httpx | HTTP Request: POST http://localhost:7860/reset "HTTP/1.1 200 OK"
2023-06-27 15:00:49 | INFO | gradio_web_server | http_bot. ip: 172.31.16.65
2023-06-27 15:00:49 | INFO | gradio_web_server | model_name: llava_v1_p1f1, worker_addr: http://localhost:40000
2023-06-27 15:00:49 | INFO | gradio_web_server | ==== request ====
{'model': 'llava_v1_p1f1', 'prompt': 'You are LLaVA, a large language and vision assistant trained by UW Madison WAIV Lab.You are able to understand the visual content that the user provides, and assist the user with a variety of tasks using natural language.Follow the instructions carefully and explain your answers in detail. USER: What is this tweet about?\n<image> ASSISTANT:', 'temperature': 0.0, 'max_new_tokens': 512, 'stop': '</s>', 'images': "List of 1 images: ['09eaa17b4eb3ac67770e18cf19c9a6b4']"}
2023-06-27 15:00:50 | INFO | httpx | HTTP Request: POST http://localhost:7860/api/predict "HTTP/1.1 200 OK"
2023-06-27 15:00:50 | INFO | httpx | HTTP Request: POST http://localhost:7860/api/predict "HTTP/1.1 200 OK"
2023-06-27 15:00:50 | INFO | httpx | HTTP Request: POST http://localhost:7860/api/predict "HTTP/1.1 200 OK"
2023-06-27 15:00:50 | INFO | httpx | HTTP Request: POST http://localhost:7860/api/predict "HTTP/1.1 200 OK"
2023-06-27 15:00:50 | INFO | httpx | HTTP Request: POST http://localhost:7860/api/predict "HTTP/1.1 200 OK"
2023-06-27 15:00:50 | INFO | httpx | HTTP Request: POST http://localhost:7860/api/predict "HTTP/1.1 200 OK"
2023-06-27 15:00:50 | INFO | httpx | HTTP Request: POST http://localhost:7860/api/predict "HTTP/1.1 200 OK"
2023-06-27 15:00:50 | INFO | httpx | HTTP Request: POST http://localhost:7860/api/predict "HTTP/1.1 200 OK"
2023-06-27 15:00:50 | INFO | httpx | HTTP Request: POST http://localhost:7860/api/predict "HTTP/1.1 200 OK"
2023-06-27 15:00:50 | INFO | httpx | HTTP Request: POST http://localhost:7860/api/predict "HTTP/1.1 200 OK"
2023-06-27 15:00:50 | INFO | httpx | HTTP Request: POST http://localhost:7860/api/predict "HTTP/1.1 200 OK"
2023-06-27 15:00:50 | INFO | httpx | HTTP Request: POST http://localhost:7860/api/predict "HTTP/1.1 200 OK"
2023-06-27 15:00:51 | INFO | httpx | HTTP Request: POST http://localhost:7860/api/predict "HTTP/1.1 200 OK"
2023-06-27 15:00:51 | INFO | httpx | HTTP Request: POST http://localhost:7860/api/predict "HTTP/1.1 200 OK"
2023-06-27 15:00:51 | INFO | httpx | HTTP Request: POST http://localhost:7860/api/predict "HTTP/1.1 200 OK"
2023-06-27 15:00:51 | INFO | httpx | HTTP Request: POST http://localhost:7860/api/predict "HTTP/1.1 200 OK"
2023-06-27 15:00:51 | INFO | httpx | HTTP Request: POST http://localhost:7860/api/predict "HTTP/1.1 200 OK"
2023-06-27 15:00:51 | INFO | httpx | HTTP Request: POST http://localhost:7860/api/predict "HTTP/1.1 200 OK"
2023-06-27 15:00:51 | INFO | httpx | HTTP Request: POST http://localhost:7860/api/predict "HTTP/1.1 200 OK"
2023-06-27 15:00:51 | INFO | httpx | HTTP Request: POST http://localhost:7860/api/predict "HTTP/1.1 200 OK"
2023-06-27 15:00:51 | INFO | httpx | HTTP Request: POST http://localhost:7860/api/predict "HTTP/1.1 200 OK"
2023-06-27 15:00:51 | INFO | httpx | HTTP Request: POST http://localhost:7860/api/predict "HTTP/1.1 200 OK"
2023-06-27 15:00:51 | INFO | httpx | HTTP Request: POST http://localhost:7860/api/predict "HTTP/1.1 200 OK"
2023-06-27 15:00:51 | INFO | gradio_web_server | This tweet is about sharing tips on how to cite papers properly, giving credit where credit is due, providing support for evidence of your claim, and presenting an organized view of related work.
2023-06-27 15:00:51 | INFO | httpx | HTTP Request: POST http://localhost:7860/api/predict "HTTP/1.1 200 OK"
2023-06-27 15:00:51 | INFO | httpx | HTTP Request: POST http://localhost:7860/reset "HTTP/1.1 200 OK"
2023-06-27 15:01:12 | INFO | gradio_web_server | regenerate. ip: 172.31.16.65
2023-06-27 15:01:12 | INFO | httpx | HTTP Request: POST http://localhost:7860/api/predict "HTTP/1.1 200 OK"
2023-06-27 15:01:12 | INFO | httpx | HTTP Request: POST http://localhost:7860/reset "HTTP/1.1 200 OK"
2023-06-27 15:01:12 | INFO | gradio_web_server | http_bot. ip: 172.31.16.65
2023-06-27 15:01:12 | INFO | gradio_web_server | model_name: llava_v1_p1f1, worker_addr: http://localhost:40000
2023-06-27 15:01:12 | INFO | gradio_web_server | ==== request ====
{'model': 'llava_v1_p1f1', 'prompt': 'You are LLaVA, a large language and vision assistant trained by UW Madison WAIV Lab.You are able to understand the visual content that the user provides, and assist the user with a variety of tasks using natural language.Follow the instructions carefully and explain your answers in detail. USER: What is this tweet about?\n<image> ASSISTANT:', 'temperature': 0.2, 'max_new_tokens': 512, 'stop': '</s>', 'images': "List of 1 images: ['09eaa17b4eb3ac67770e18cf19c9a6b4']"}
2023-06-27 15:01:12 | INFO | httpx | HTTP Request: POST http://localhost:7860/api/predict "HTTP/1.1 200 OK"
2023-06-27 15:01:12 | INFO | httpx | HTTP Request: POST http://localhost:7860/api/predict "HTTP/1.1 200 OK"
2023-06-27 15:01:12 | INFO | httpx | HTTP Request: POST http://localhost:7860/api/predict "HTTP/1.1 200 OK"
2023-06-27 15:01:12 | INFO | httpx | HTTP Request: POST http://localhost:7860/api/predict "HTTP/1.1 200 OK"
2023-06-27 15:01:13 | INFO | httpx | HTTP Request: POST http://localhost:7860/api/predict "HTTP/1.1 200 OK"
2023-06-27 15:01:13 | INFO | httpx | HTTP Request: POST http://localhost:7860/api/predict "HTTP/1.1 200 OK"
2023-06-27 15:01:13 | INFO | httpx | HTTP Request: POST http://localhost:7860/api/predict "HTTP/1.1 200 OK"
2023-06-27 15:01:13 | INFO | httpx | HTTP Request: POST http://localhost:7860/api/predict "HTTP/1.1 200 OK"
2023-06-27 15:01:13 | INFO | httpx | HTTP Request: POST http://localhost:7860/api/predict "HTTP/1.1 200 OK"
2023-06-27 15:01:13 | INFO | httpx | HTTP Request: POST http://localhost:7860/api/predict "HTTP/1.1 200 OK"
2023-06-27 15:01:13 | INFO | httpx | HTTP Request: POST http://localhost:7860/api/predict "HTTP/1.1 200 OK"
2023-06-27 15:01:13 | INFO | httpx | HTTP Request: POST http://localhost:7860/api/predict "HTTP/1.1 200 OK"
2023-06-27 15:01:13 | INFO | httpx | HTTP Request: POST http://localhost:7860/api/predict "HTTP/1.1 200 OK"
2023-06-27 15:01:13 | INFO | httpx | HTTP Request: POST http://localhost:7860/api/predict "HTTP/1.1 200 OK"
2023-06-27 15:01:13 | INFO | httpx | HTTP Request: POST http://localhost:7860/api/predict "HTTP/1.1 200 OK"
2023-06-27 15:01:13 | INFO | httpx | HTTP Request: POST http://localhost:7860/api/predict "HTTP/1.1 200 OK"
2023-06-27 15:01:13 | INFO | httpx | HTTP Request: POST http://localhost:7860/api/predict "HTTP/1.1 200 OK"
2023-06-27 15:01:13 | INFO | httpx | HTTP Request: POST http://localhost:7860/api/predict "HTTP/1.1 200 OK"
2023-06-27 15:01:14 | INFO | httpx | HTTP Request: POST http://localhost:7860/api/predict "HTTP/1.1 200 OK"
2023-06-27 15:01:14 | INFO | httpx | HTTP Request: POST http://localhost:7860/api/predict "HTTP/1.1 200 OK"
2023-06-27 15:01:14 | INFO | httpx | HTTP Request: POST http://localhost:7860/api/predict "HTTP/1.1 200 OK"
2023-06-27 15:01:14 | INFO | httpx | HTTP Request: POST http://localhost:7860/api/predict "HTTP/1.1 200 OK"
2023-06-27 15:01:14 | INFO | httpx | HTTP Request: POST http://localhost:7860/api/predict "HTTP/1.1 200 OK"
2023-06-27 15:01:14 | INFO | httpx | HTTP Request: POST http://localhost:7860/api/predict "HTTP/1.1 200 OK"
2023-06-27 15:01:14 | INFO | httpx | HTTP Request: POST http://localhost:7860/api/predict "HTTP/1.1 200 OK"
2023-06-27 15:01:14 | INFO | httpx | HTTP Request: POST http://localhost:7860/api/predict "HTTP/1.1 200 OK"
2023-06-27 15:01:14 | INFO | httpx | HTTP Request: POST http://localhost:7860/api/predict "HTTP/1.1 200 OK"
2023-06-27 15:01:14 | INFO | httpx | HTTP Request: POST http://localhost:7860/api/predict "HTTP/1.1 200 OK"
2023-06-27 15:01:14 | INFO | httpx | HTTP Request: POST http://localhost:7860/api/predict "HTTP/1.1 200 OK"
2023-06-27 15:01:14 | INFO | gradio_web_server | This tweet is about sharing tips on how to cite papers properly, giving credit where credit is due, providing support for evidence of your claim, and presenting an organized view of related work. It also humorously mentions that everyone gets a citation.
2023-06-27 15:01:14 | INFO | httpx | HTTP Request: POST http://localhost:7860/api/predict "HTTP/1.1 200 OK"
2023-06-27 15:01:14 | INFO | httpx | HTTP Request: POST http://localhost:7860/reset "HTTP/1.1 200 OK"
2023-06-27 15:01:35 | INFO | gradio_web_server | regenerate. ip: 172.31.57.152
2023-06-27 15:01:35 | INFO | httpx | HTTP Request: POST http://localhost:7860/api/predict "HTTP/1.1 200 OK"
2023-06-27 15:01:35 | INFO | httpx | HTTP Request: POST http://localhost:7860/reset "HTTP/1.1 200 OK"
2023-06-27 15:01:35 | INFO | gradio_web_server | http_bot. ip: 172.31.57.152
2023-06-27 15:01:35 | INFO | gradio_web_server | model_name: llava_v1_p1f1, worker_addr: http://localhost:40000
2023-06-27 15:01:35 | INFO | gradio_web_server | ==== request ====
{'model': 'llava_v1_p1f1', 'prompt': 'You are LLaVA, a large language and vision assistant trained by UW Madison WAIV Lab.You are able to understand the visual content that the user provides, and assist the user with a variety of tasks using natural language.Follow the instructions carefully and explain your answers in detail. USER: What is this tweet about?\n<image> ASSISTANT:', 'temperature': 0.2, 'max_new_tokens': 512, 'stop': '</s>', 'images': "List of 1 images: ['09eaa17b4eb3ac67770e18cf19c9a6b4']"}
2023-06-27 15:01:35 | INFO | httpx | HTTP Request: POST http://localhost:7860/api/predict "HTTP/1.1 200 OK"
2023-06-27 15:01:36 | INFO | httpx | HTTP Request: POST http://localhost:7860/api/predict "HTTP/1.1 200 OK"
2023-06-27 15:01:36 | INFO | httpx | HTTP Request: POST http://localhost:7860/api/predict "HTTP/1.1 200 OK"
2023-06-27 15:01:36 | INFO | httpx | HTTP Request: POST http://localhost:7860/api/predict "HTTP/1.1 200 OK"
2023-06-27 15:01:36 | INFO | httpx | HTTP Request: POST http://localhost:7860/api/predict "HTTP/1.1 200 OK"
2023-06-27 15:01:36 | INFO | httpx | HTTP Request: POST http://localhost:7860/api/predict "HTTP/1.1 200 OK"
2023-06-27 15:01:36 | INFO | httpx | HTTP Request: POST http://localhost:7860/api/predict "HTTP/1.1 200 OK"
2023-06-27 15:01:36 | INFO | httpx | HTTP Request: POST http://localhost:7860/api/predict "HTTP/1.1 200 OK"
2023-06-27 15:01:36 | INFO | httpx | HTTP Request: POST http://localhost:7860/api/predict "HTTP/1.1 200 OK"
2023-06-27 15:01:36 | INFO | httpx | HTTP Request: POST http://localhost:7860/api/predict "HTTP/1.1 200 OK"
2023-06-27 15:01:36 | INFO | httpx | HTTP Request: POST http://localhost:7860/api/predict "HTTP/1.1 200 OK"
2023-06-27 15:01:36 | INFO | httpx | HTTP Request: POST http://localhost:7860/api/predict "HTTP/1.1 200 OK"
2023-06-27 15:01:36 | INFO | httpx | HTTP Request: POST http://localhost:7860/api/predict "HTTP/1.1 200 OK"
2023-06-27 15:01:36 | INFO | httpx | HTTP Request: POST http://localhost:7860/api/predict "HTTP/1.1 200 OK"
2023-06-27 15:01:37 | INFO | httpx | HTTP Request: POST http://localhost:7860/api/predict "HTTP/1.1 200 OK"
2023-06-27 15:01:37 | INFO | httpx | HTTP Request: POST http://localhost:7860/api/predict "HTTP/1.1 200 OK"
2023-06-27 15:01:37 | INFO | httpx | HTTP Request: POST http://localhost:7860/api/predict "HTTP/1.1 200 OK"
2023-06-27 15:01:37 | INFO | httpx | HTTP Request: POST http://localhost:7860/api/predict "HTTP/1.1 200 OK"
2023-06-27 15:01:37 | INFO | httpx | HTTP Request: POST http://localhost:7860/api/predict "HTTP/1.1 200 OK"
2023-06-27 15:01:37 | INFO | httpx | HTTP Request: POST http://localhost:7860/api/predict "HTTP/1.1 200 OK"
2023-06-27 15:01:37 | INFO | httpx | HTTP Request: POST http://localhost:7860/api/predict "HTTP/1.1 200 OK"
2023-06-27 15:01:37 | INFO | httpx | HTTP Request: POST http://localhost:7860/api/predict "HTTP/1.1 200 OK"
2023-06-27 15:01:37 | INFO | httpx | HTTP Request: POST http://localhost:7860/api/predict "HTTP/1.1 200 OK"
2023-06-27 15:01:37 | INFO | httpx | HTTP Request: POST http://localhost:7860/api/predict "HTTP/1.1 200 OK"
2023-06-27 15:01:37 | INFO | httpx | HTTP Request: POST http://localhost:7860/api/predict "HTTP/1.1 200 OK"
2023-06-27 15:01:37 | INFO | httpx | HTTP Request: POST http://localhost:7860/api/predict "HTTP/1.1 200 OK"
2023-06-27 15:01:37 | INFO | httpx | HTTP Request: POST http://localhost:7860/api/predict "HTTP/1.1 200 OK"
2023-06-27 15:01:37 | INFO | gradio_web_server | This tweet is about sharing tips on how to properly cite papers. It highlights the importance of citing papers to give credit where credit is due, provide supporting evidence of your claim, and present an organized view of related work.
2023-06-27 15:01:37 | INFO | httpx | HTTP Request: POST http://localhost:7860/api/predict "HTTP/1.1 200 OK"
2023-06-27 15:01:37 | INFO | httpx | HTTP Request: POST http://localhost:7860/reset "HTTP/1.1 200 OK"
2023-06-27 15:01:41 | INFO | gradio_web_server | regenerate. ip: 172.31.57.152
2023-06-27 15:01:41 | INFO | httpx | HTTP Request: POST http://localhost:7860/api/predict "HTTP/1.1 200 OK"
2023-06-27 15:01:41 | INFO | httpx | HTTP Request: POST http://localhost:7860/reset "HTTP/1.1 200 OK"
2023-06-27 15:01:42 | INFO | gradio_web_server | http_bot. ip: 172.31.57.152
2023-06-27 15:01:42 | INFO | gradio_web_server | model_name: llava_v1_p1f1, worker_addr: http://localhost:40000
2023-06-27 15:01:42 | INFO | gradio_web_server | ==== request ====
{'model': 'llava_v1_p1f1', 'prompt': 'You are LLaVA, a large language and vision assistant trained by UW Madison WAIV Lab.You are able to understand the visual content that the user provides, and assist the user with a variety of tasks using natural language.Follow the instructions carefully and explain your answers in detail. USER: What is this tweet about?\n<image> ASSISTANT:', 'temperature': 0.2, 'max_new_tokens': 512, 'stop': '</s>', 'images': "List of 1 images: ['09eaa17b4eb3ac67770e18cf19c9a6b4']"}
2023-06-27 15:01:42 | INFO | httpx | HTTP Request: POST http://localhost:7860/api/predict "HTTP/1.1 200 OK"
2023-06-27 15:01:42 | INFO | httpx | HTTP Request: POST http://localhost:7860/api/predict "HTTP/1.1 200 OK"
2023-06-27 15:01:42 | INFO | httpx | HTTP Request: POST http://localhost:7860/api/predict "HTTP/1.1 200 OK"
2023-06-27 15:01:42 | INFO | httpx | HTTP Request: POST http://localhost:7860/api/predict "HTTP/1.1 200 OK"
2023-06-27 15:01:42 | INFO | httpx | HTTP Request: POST http://localhost:7860/api/predict "HTTP/1.1 200 OK"
2023-06-27 15:01:42 | INFO | httpx | HTTP Request: POST http://localhost:7860/api/predict "HTTP/1.1 200 OK"
2023-06-27 15:01:42 | INFO | httpx | HTTP Request: POST http://localhost:7860/api/predict "HTTP/1.1 200 OK"
2023-06-27 15:01:42 | INFO | httpx | HTTP Request: POST http://localhost:7860/api/predict "HTTP/1.1 200 OK"
2023-06-27 15:01:42 | INFO | httpx | HTTP Request: POST http://localhost:7860/api/predict "HTTP/1.1 200 OK"
2023-06-27 15:01:42 | INFO | httpx | HTTP Request: POST http://localhost:7860/api/predict "HTTP/1.1 200 OK"
2023-06-27 15:01:43 | INFO | httpx | HTTP Request: POST http://localhost:7860/api/predict "HTTP/1.1 200 OK"
2023-06-27 15:01:43 | INFO | httpx | HTTP Request: POST http://localhost:7860/api/predict "HTTP/1.1 200 OK"
2023-06-27 15:01:43 | INFO | httpx | HTTP Request: POST http://localhost:7860/api/predict "HTTP/1.1 200 OK"
2023-06-27 15:01:43 | INFO | httpx | HTTP Request: POST http://localhost:7860/api/predict "HTTP/1.1 200 OK"
2023-06-27 15:01:43 | INFO | httpx | HTTP Request: POST http://localhost:7860/api/predict "HTTP/1.1 200 OK"
2023-06-27 15:01:43 | INFO | httpx | HTTP Request: POST http://localhost:7860/api/predict "HTTP/1.1 200 OK"
2023-06-27 15:01:43 | INFO | httpx | HTTP Request: POST http://localhost:7860/api/predict "HTTP/1.1 200 OK"
2023-06-27 15:01:43 | INFO | httpx | HTTP Request: POST http://localhost:7860/api/predict "HTTP/1.1 200 OK"
2023-06-27 15:01:43 | INFO | httpx | HTTP Request: POST http://localhost:7860/api/predict "HTTP/1.1 200 OK"
2023-06-27 15:01:43 | INFO | httpx | HTTP Request: POST http://localhost:7860/api/predict "HTTP/1.1 200 OK"
2023-06-27 15:01:43 | INFO | httpx | HTTP Request: POST http://localhost:7860/api/predict "HTTP/1.1 200 OK"
2023-06-27 15:01:43 | INFO | httpx | HTTP Request: POST http://localhost:7860/api/predict "HTTP/1.1 200 OK"
2023-06-27 15:01:43 | INFO | httpx | HTTP Request: POST http://localhost:7860/api/predict "HTTP/1.1 200 OK"
2023-06-27 15:01:44 | INFO | httpx | HTTP Request: POST http://localhost:7860/api/predict "HTTP/1.1 200 OK"
2023-06-27 15:01:44 | INFO | httpx | HTTP Request: POST http://localhost:7860/api/predict "HTTP/1.1 200 OK"
2023-06-27 15:01:44 | INFO | httpx | HTTP Request: POST http://localhost:7860/api/predict "HTTP/1.1 200 OK"
2023-06-27 15:01:44 | INFO | httpx | HTTP Request: POST http://localhost:7860/api/predict "HTTP/1.1 200 OK"
2023-06-27 15:01:44 | INFO | httpx | HTTP Request: POST http://localhost:7860/api/predict "HTTP/1.1 200 OK"
2023-06-27 15:01:44 | INFO | httpx | HTTP Request: POST http://localhost:7860/api/predict "HTTP/1.1 200 OK"
2023-06-27 15:01:44 | INFO | httpx | HTTP Request: POST http://localhost:7860/api/predict "HTTP/1.1 200 OK"
2023-06-27 15:01:44 | INFO | httpx | HTTP Request: POST http://localhost:7860/api/predict "HTTP/1.1 200 OK"
2023-06-27 15:01:44 | INFO | httpx | HTTP Request: POST http://localhost:7860/api/predict "HTTP/1.1 200 OK"
2023-06-27 15:01:44 | INFO | httpx | HTTP Request: POST http://localhost:7860/api/predict "HTTP/1.1 200 OK"
2023-06-27 15:01:44 | INFO | httpx | HTTP Request: POST http://localhost:7860/api/predict "HTTP/1.1 200 OK"
2023-06-27 15:01:44 | INFO | httpx | HTTP Request: POST http://localhost:7860/api/predict "HTTP/1.1 200 OK"
2023-06-27 15:01:44 | INFO | httpx | HTTP Request: POST http://localhost:7860/api/predict "HTTP/1.1 200 OK"
2023-06-27 15:01:44 | INFO | httpx | HTTP Request: POST http://localhost:7860/api/predict "HTTP/1.1 200 OK"
2023-06-27 15:01:45 | INFO | httpx | HTTP Request: POST http://localhost:7860/api/predict "HTTP/1.1 200 OK"
2023-06-27 15:01:45 | INFO | httpx | HTTP Request: POST http://localhost:7860/api/predict "HTTP/1.1 200 OK"
2023-06-27 15:01:45 | INFO | gradio_web_server | This tweet is about sharing tips on how to properly cite papers, provide credit where credit is due, give support to evidence of your claim, and present an organized view of related work. It also includes a humorous element with the phrases "YOU GET A CITATION" and "EVERYONE GETS A CITATION."
2023-06-27 15:01:45 | INFO | httpx | HTTP Request: POST http://localhost:7860/api/predict "HTTP/1.1 200 OK"
2023-06-27 15:01:45 | INFO | httpx | HTTP Request: POST http://localhost:7860/reset "HTTP/1.1 200 OK"
2023-06-27 15:02:14 | INFO | gradio_web_server | add_text. ip: 172.31.57.152. len: 70
2023-06-27 15:02:14 | INFO | httpx | HTTP Request: POST http://localhost:7860/api/predict "HTTP/1.1 200 OK"
2023-06-27 15:02:14 | INFO | httpx | HTTP Request: POST http://localhost:7860/reset "HTTP/1.1 200 OK"
2023-06-27 15:02:15 | INFO | gradio_web_server | http_bot. ip: 172.31.57.152
2023-06-27 15:02:15 | INFO | gradio_web_server | model_name: llava_v1_p1f1, worker_addr: http://localhost:40000
2023-06-27 15:02:15 | INFO | gradio_web_server | ==== request ====
{'model': 'llava_v1_p1f1', 'prompt': 'You are LLaVA, a large language and vision assistant trained by UW Madison WAIV Lab.You are able to understand the visual content that the user provides, and assist the user with a variety of tasks using natural language.Follow the instructions carefully and explain your answers in detail. USER: What is this tweet about?\n<image> ASSISTANT: This tweet is about sharing tips on how to properly cite papers, provide credit where credit is due, give support to evidence of your claim, and present an organized view of related work. It also includes a humorous element with the phrases "YOU GET A CITATION" and "EVERYONE GETS A CITATION."</s>USER: By the way, who is the woman in this meme? Any background information? ASSISTANT:', 'temperature': 0.2, 'max_new_tokens': 512, 'stop': '</s>', 'images': "List of 1 images: ['09eaa17b4eb3ac67770e18cf19c9a6b4']"}
2023-06-27 15:02:15 | INFO | httpx | HTTP Request: POST http://localhost:7860/api/predict "HTTP/1.1 200 OK"
2023-06-27 15:02:15 | INFO | httpx | HTTP Request: POST http://localhost:7860/api/predict "HTTP/1.1 200 OK"
2023-06-27 15:02:15 | INFO | httpx | HTTP Request: POST http://localhost:7860/api/predict "HTTP/1.1 200 OK"
2023-06-27 15:02:15 | INFO | httpx | HTTP Request: POST http://localhost:7860/api/predict "HTTP/1.1 200 OK"
2023-06-27 15:02:15 | INFO | httpx | HTTP Request: POST http://localhost:7860/api/predict "HTTP/1.1 200 OK"
2023-06-27 15:02:16 | INFO | httpx | HTTP Request: POST http://localhost:7860/api/predict "HTTP/1.1 200 OK"
2023-06-27 15:02:16 | INFO | httpx | HTTP Request: POST http://localhost:7860/api/predict "HTTP/1.1 200 OK"
2023-06-27 15:02:16 | INFO | httpx | HTTP Request: POST http://localhost:7860/api/predict "HTTP/1.1 200 OK"
2023-06-27 15:02:16 | INFO | httpx | HTTP Request: POST http://localhost:7860/api/predict "HTTP/1.1 200 OK"
2023-06-27 15:02:16 | INFO | httpx | HTTP Request: POST http://localhost:7860/api/predict "HTTP/1.1 200 OK"
2023-06-27 15:02:16 | INFO | httpx | HTTP Request: POST http://localhost:7860/api/predict "HTTP/1.1 200 OK"
2023-06-27 15:02:16 | INFO | httpx | HTTP Request: POST http://localhost:7860/api/predict "HTTP/1.1 200 OK"
2023-06-27 15:02:16 | INFO | httpx | HTTP Request: POST http://localhost:7860/api/predict "HTTP/1.1 200 OK"
2023-06-27 15:02:16 | INFO | httpx | HTTP Request: POST http://localhost:7860/api/predict "HTTP/1.1 200 OK"
2023-06-27 15:02:16 | INFO | httpx | HTTP Request: POST http://localhost:7860/api/predict "HTTP/1.1 200 OK"
2023-06-27 15:02:16 | INFO | httpx | HTTP Request: POST http://localhost:7860/api/predict "HTTP/1.1 200 OK"
2023-06-27 15:02:16 | INFO | httpx | HTTP Request: POST http://localhost:7860/api/predict "HTTP/1.1 200 OK"
2023-06-27 15:02:16 | INFO | httpx | HTTP Request: POST http://localhost:7860/api/predict "HTTP/1.1 200 OK"
2023-06-27 15:02:16 | INFO | httpx | HTTP Request: POST http://localhost:7860/api/predict "HTTP/1.1 200 OK"
2023-06-27 15:02:17 | INFO | httpx | HTTP Request: POST http://localhost:7860/api/predict "HTTP/1.1 200 OK"
2023-06-27 15:02:17 | INFO | httpx | HTTP Request: POST http://localhost:7860/api/predict "HTTP/1.1 200 OK"
2023-06-27 15:02:17 | INFO | httpx | HTTP Request: POST http://localhost:7860/api/predict "HTTP/1.1 200 OK"
2023-06-27 15:02:17 | INFO | httpx | HTTP Request: POST http://localhost:7860/api/predict "HTTP/1.1 200 OK"
2023-06-27 15:02:17 | INFO | httpx | HTTP Request: POST http://localhost:7860/api/predict "HTTP/1.1 200 OK"
2023-06-27 15:02:17 | INFO | httpx | HTTP Request: POST http://localhost:7860/api/predict "HTTP/1.1 200 OK"
2023-06-27 15:02:17 | INFO | httpx | HTTP Request: POST http://localhost:7860/api/predict "HTTP/1.1 200 OK"
2023-06-27 15:02:17 | INFO | httpx | HTTP Request: POST http://localhost:7860/api/predict "HTTP/1.1 200 OK"
2023-06-27 15:02:17 | INFO | httpx | HTTP Request: POST http://localhost:7860/api/predict "HTTP/1.1 200 OK"
2023-06-27 15:02:17 | INFO | httpx | HTTP Request: POST http://localhost:7860/api/predict "HTTP/1.1 200 OK"
2023-06-27 15:02:17 | INFO | httpx | HTTP Request: POST http://localhost:7860/api/predict "HTTP/1.1 200 OK"
2023-06-27 15:02:17 | INFO | httpx | HTTP Request: POST http://localhost:7860/api/predict "HTTP/1.1 200 OK"
2023-06-27 15:02:17 | INFO | httpx | HTTP Request: POST http://localhost:7860/api/predict "HTTP/1.1 200 OK"
2023-06-27 15:02:17 | INFO | httpx | HTTP Request: POST http://localhost:7860/api/predict "HTTP/1.1 200 OK"
2023-06-27 15:02:18 | INFO | httpx | HTTP Request: POST http://localhost:7860/api/predict "HTTP/1.1 200 OK"
2023-06-27 15:02:18 | INFO | httpx | HTTP Request: POST http://localhost:7860/api/predict "HTTP/1.1 200 OK"
2023-06-27 15:02:18 | INFO | httpx | HTTP Request: POST http://localhost:7860/api/predict "HTTP/1.1 200 OK"
2023-06-27 15:02:18 | INFO | httpx | HTTP Request: POST http://localhost:7860/api/predict "HTTP/1.1 200 OK"
2023-06-27 15:02:18 | INFO | httpx | HTTP Request: POST http://localhost:7860/api/predict "HTTP/1.1 200 OK"
2023-06-27 15:02:18 | INFO | gradio_web_server | The woman in the meme is Oprah Winfrey, a famous television host, author, and philanthropist. She is known for her influential book club and her ability to make people feel good about themselves. In this meme, she is seen enthusiastically endorsing the concept of citing sources in academic work.
2023-06-27 15:02:18 | INFO | httpx | HTTP Request: POST http://localhost:7860/api/predict "HTTP/1.1 200 OK"
2023-06-27 15:02:18 | INFO | httpx | HTTP Request: POST http://localhost:7860/reset "HTTP/1.1 200 OK"
